{"C:\\Users\\User\\Desktop\\bia-leads-api\\index.js": {"path":"C:\\Users\\User\\Desktop\\bia-leads-api\\index.js","statementMap":{"0":{"start":{"line":1,"column":16},"end":{"line":1,"column":34}},"1":{"start":{"line":2,"column":13},"end":{"line":2,"column":28}},"2":{"start":{"line":3,"column":19},"end":{"line":3,"column":53}},"3":{"start":{"line":5,"column":12},"end":{"line":5,"column":21}},"4":{"start":{"line":6,"column":13},"end":{"line":6,"column":37}},"5":{"start":{"line":8,"column":0},"end":{"line":8,"column":16}},"6":{"start":{"line":9,"column":0},"end":{"line":9,"column":24}},"7":{"start":{"line":11,"column":0},"end":{"line":13,"column":3}},"8":{"start":{"line":12,"column":2},"end":{"line":12,"column":90}},"9":{"start":{"line":15,"column":0},"end":{"line":15,"column":30}},"10":{"start":{"line":17,"column":0},"end":{"line":19,"column":3}},"11":{"start":{"line":18,"column":2},"end":{"line":18,"column":54}},"12":{"start":{"line":21,"column":0},"end":{"line":21,"column":21}}},"fnMap":{"0":{"name":"(anonymous_0)","decl":{"start":{"line":11,"column":19},"end":{"line":11,"column":20}},"loc":{"start":{"line":11,"column":33},"end":{"line":13,"column":1}},"line":11},"1":{"name":"(anonymous_1)","decl":{"start":{"line":17,"column":17},"end":{"line":17,"column":18}},"loc":{"start":{"line":17,"column":23},"end":{"line":19,"column":1}},"line":17}},"branchMap":{"0":{"loc":{"start":{"line":6,"column":13},"end":{"line":6,"column":37}},"type":"binary-expr","locations":[{"start":{"line":6,"column":13},"end":{"line":6,"column":29}},{"start":{"line":6,"column":33},"end":{"line":6,"column":37}}],"line":6}},"s":{"0":1,"1":1,"2":1,"3":1,"4":1,"5":1,"6":1,"7":1,"8":1,"9":1,"10":1,"11":1,"12":1},"f":{"0":1,"1":1},"b":{"0":[1,1]},"_coverageSchema":"1a1c01bbd47fc00a2c39e90264f33305004495a9","hash":"2bc14505f6edf2d72bf4a63c90b988b6a9b645e0"}
,"C:\\Users\\User\\Desktop\\bia-leads-api\\src\\config\\database.js": {"path":"C:\\Users\\User\\Desktop\\bia-leads-api\\src\\config\\database.js","statementMap":{"0":{"start":{"line":1,"column":17},"end":{"line":1,"column":42}},"1":{"start":{"line":2,"column":13},"end":{"line":2,"column":28}},"2":{"start":{"line":4,"column":11},"end":{"line":4,"column":63}},"3":{"start":{"line":6,"column":0},"end":{"line":26,"column":3}},"4":{"start":{"line":28,"column":0},"end":{"line":28,"column":20}}},"fnMap":{},"branchMap":{},"s":{"0":1,"1":1,"2":1,"3":1,"4":1},"f":{},"b":{},"_coverageSchema":"1a1c01bbd47fc00a2c39e90264f33305004495a9","hash":"a63c53e18f7b4cf4027a214761c307bb0ce1304c"}
,"C:\\Users\\User\\Desktop\\bia-leads-api\\src\\controllers\\leadController.js": {"path":"C:\\Users\\User\\Desktop\\bia-leads-api\\src\\controllers\\leadController.js","statementMap":{"0":{"start":{"line":1,"column":13},"end":{"line":1,"column":38}},"1":{"start":{"line":3,"column":23},"end":{"line":56,"column":1}},"2":{"start":{"line":5,"column":4},"end":{"line":10,"column":5}},"3":{"start":{"line":6,"column":20},"end":{"line":6,"column":33}},"4":{"start":{"line":7,"column":6},"end":{"line":7,"column":68}},"5":{"start":{"line":9,"column":6},"end":{"line":9,"column":69}},"6":{"start":{"line":14,"column":4},"end":{"line":20,"column":5}},"7":{"start":{"line":15,"column":19},"end":{"line":15,"column":46}},"8":{"start":{"line":16,"column":6},"end":{"line":16,"column":94}},"9":{"start":{"line":16,"column":17},"end":{"line":16,"column":94}},"10":{"start":{"line":17,"column":6},"end":{"line":17,"column":46}},"11":{"start":{"line":19,"column":6},"end":{"line":19,"column":69}},"12":{"start":{"line":24,"column":4},"end":{"line":32,"column":5}},"13":{"start":{"line":25,"column":6},"end":{"line":27,"column":7}},"14":{"start":{"line":26,"column":8},"end":{"line":26,"column":94}},"15":{"start":{"line":28,"column":19},"end":{"line":28,"column":40}},"16":{"start":{"line":29,"column":6},"end":{"line":29,"column":58}},"17":{"start":{"line":31,"column":6},"end":{"line":31,"column":69}},"18":{"start":{"line":36,"column":4},"end":{"line":43,"column":5}},"19":{"start":{"line":37,"column":23},"end":{"line":37,"column":50}},"20":{"start":{"line":38,"column":6},"end":{"line":38,"column":98}},"21":{"start":{"line":38,"column":21},"end":{"line":38,"column":98}},"22":{"start":{"line":39,"column":19},"end":{"line":39,"column":75}},"23":{"start":{"line":40,"column":6},"end":{"line":40,"column":46}},"24":{"start":{"line":42,"column":6},"end":{"line":42,"column":69}},"25":{"start":{"line":47,"column":4},"end":{"line":54,"column":5}},"26":{"start":{"line":48,"column":23},"end":{"line":48,"column":50}},"27":{"start":{"line":49,"column":6},"end":{"line":49,"column":98}},"28":{"start":{"line":49,"column":21},"end":{"line":49,"column":98}},"29":{"start":{"line":50,"column":6},"end":{"line":50,"column":33}},"30":{"start":{"line":51,"column":6},"end":{"line":51,"column":75}},"31":{"start":{"line":53,"column":6},"end":{"line":53,"column":69}},"32":{"start":{"line":58,"column":0},"end":{"line":58,"column":32}}},"fnMap":{"0":{"name":"(anonymous_0)","decl":{"start":{"line":4,"column":10},"end":{"line":4,"column":11}},"loc":{"start":{"line":4,"column":24},"end":{"line":11,"column":3}},"line":4},"1":{"name":"(anonymous_1)","decl":{"start":{"line":13,"column":11},"end":{"line":13,"column":12}},"loc":{"start":{"line":13,"column":25},"end":{"line":21,"column":3}},"line":13},"2":{"name":"(anonymous_2)","decl":{"start":{"line":23,"column":10},"end":{"line":23,"column":11}},"loc":{"start":{"line":23,"column":24},"end":{"line":33,"column":3}},"line":23},"3":{"name":"(anonymous_3)","decl":{"start":{"line":35,"column":10},"end":{"line":35,"column":11}},"loc":{"start":{"line":35,"column":24},"end":{"line":44,"column":3}},"line":35},"4":{"name":"(anonymous_4)","decl":{"start":{"line":46,"column":10},"end":{"line":46,"column":11}},"loc":{"start":{"line":46,"column":24},"end":{"line":55,"column":3}},"line":46}},"branchMap":{"0":{"loc":{"start":{"line":16,"column":6},"end":{"line":16,"column":94}},"type":"if","locations":[{"start":{"line":16,"column":6},"end":{"line":16,"column":94}},{"start":{},"end":{}}],"line":16},"1":{"loc":{"start":{"line":25,"column":6},"end":{"line":27,"column":7}},"type":"if","locations":[{"start":{"line":25,"column":6},"end":{"line":27,"column":7}},{"start":{},"end":{}}],"line":25},"2":{"loc":{"start":{"line":38,"column":6},"end":{"line":38,"column":98}},"type":"if","locations":[{"start":{"line":38,"column":6},"end":{"line":38,"column":98}},{"start":{},"end":{}}],"line":38},"3":{"loc":{"start":{"line":49,"column":6},"end":{"line":49,"column":98}},"type":"if","locations":[{"start":{"line":49,"column":6},"end":{"line":49,"column":98}},{"start":{},"end":{}}],"line":49}},"s":{"0":1,"1":1,"2":1,"3":1,"4":1,"5":0,"6":1,"7":1,"8":1,"9":1,"10":0,"11":0,"12":1,"13":1,"14":0,"15":1,"16":1,"17":0,"18":0,"19":0,"20":0,"21":0,"22":0,"23":0,"24":0,"25":1,"26":1,"27":1,"28":1,"29":0,"30":0,"31":0,"32":1},"f":{"0":1,"1":1,"2":1,"3":0,"4":1},"b":{"0":[1,0],"1":[0,1],"2":[0,0],"3":[1,0]},"_coverageSchema":"1a1c01bbd47fc00a2c39e90264f33305004495a9","hash":"f34cf26ff3e24ca7fa6646d384446591e5b01b79"}
,"C:\\Users\\User\\Desktop\\bia-leads-api\\src\\models\\Lead.js": {"path":"C:\\Users\\User\\Desktop\\bia-leads-api\\src\\models\\Lead.js","statementMap":{"0":{"start":{"line":1,"column":11},"end":{"line":1,"column":40}},"1":{"start":{"line":3,"column":13},"end":{"line":59,"column":1}},"2":{"start":{"line":5,"column":4},"end":{"line":5,"column":76}},"3":{"start":{"line":9,"column":4},"end":{"line":9,"column":66}},"4":{"start":{"line":13,"column":17},"end":{"line":27,"column":6}},"5":{"start":{"line":28,"column":19},"end":{"line":28,"column":33}},"6":{"start":{"line":29,"column":4},"end":{"line":29,"column":48}},"7":{"start":{"line":33,"column":17},"end":{"line":51,"column":6}},"8":{"start":{"line":52,"column":4},"end":{"line":52,"column":30}},"9":{"start":{"line":53,"column":4},"end":{"line":53,"column":28}},"10":{"start":{"line":57,"column":4},"end":{"line":57,"column":64}},"11":{"start":{"line":61,"column":0},"end":{"line":61,"column":22}}},"fnMap":{"0":{"name":"(anonymous_0)","decl":{"start":{"line":4,"column":10},"end":{"line":4,"column":11}},"loc":{"start":{"line":4,"column":16},"end":{"line":6,"column":3}},"line":4},"1":{"name":"(anonymous_1)","decl":{"start":{"line":8,"column":11},"end":{"line":8,"column":12}},"loc":{"start":{"line":8,"column":19},"end":{"line":10,"column":3}},"line":8},"2":{"name":"(anonymous_2)","decl":{"start":{"line":12,"column":10},"end":{"line":12,"column":11}},"loc":{"start":{"line":12,"column":20},"end":{"line":30,"column":3}},"line":12},"3":{"name":"(anonymous_3)","decl":{"start":{"line":32,"column":10},"end":{"line":32,"column":11}},"loc":{"start":{"line":32,"column":24},"end":{"line":54,"column":3}},"line":32},"4":{"name":"(anonymous_4)","decl":{"start":{"line":56,"column":10},"end":{"line":56,"column":11}},"loc":{"start":{"line":56,"column":18},"end":{"line":58,"column":3}},"line":56}},"branchMap":{},"s":{"0":1,"1":1,"2":1,"3":3,"4":1,"5":1,"6":1,"7":0,"8":0,"9":0,"10":0,"11":1},"f":{"0":1,"1":3,"2":1,"3":0,"4":0},"b":{},"_coverageSchema":"1a1c01bbd47fc00a2c39e90264f33305004495a9","hash":"634062243c9e98c143a0746d45eed8f97aef52f2"}
,"C:\\Users\\User\\Desktop\\bia-leads-api\\src\\routes\\leadRoutes.js": {"path":"C:\\Users\\User\\Desktop\\bia-leads-api\\src\\routes\\leadRoutes.js","statementMap":{"0":{"start":{"line":1,"column":16},"end":{"line":1,"column":34}},"1":{"start":{"line":2,"column":15},"end":{"line":2,"column":31}},"2":{"start":{"line":3,"column":23},"end":{"line":3,"column":63}},"3":{"start":{"line":5,"column":0},"end":{"line":5,"column":39}},"4":{"start":{"line":6,"column":0},"end":{"line":6,"column":43}},"5":{"start":{"line":7,"column":0},"end":{"line":7,"column":40}},"6":{"start":{"line":8,"column":0},"end":{"line":8,"column":42}},"7":{"start":{"line":9,"column":0},"end":{"line":9,"column":45}},"8":{"start":{"line":11,"column":0},"end":{"line":11,"column":24}}},"fnMap":{},"branchMap":{},"s":{"0":1,"1":1,"2":1,"3":1,"4":1,"5":1,"6":1,"7":1,"8":1},"f":{},"b":{},"_coverageSchema":"1a1c01bbd47fc00a2c39e90264f33305004495a9","hash":"2a679306bab1fb2d49c3693521968ea83f07e491"}
}
