TN:
SF:index.js
FN:11,(anonymous_0)
FN:17,(anonymous_1)
FNF:2
FNH:2
FNDA:1,(anonymous_0)
FNDA:1,(anonymous_1)
DA:1,1
DA:2,1
DA:3,1
DA:5,1
DA:6,1
DA:8,1
DA:9,1
DA:11,1
DA:12,1
DA:15,1
DA:17,1
DA:18,1
DA:21,1
LF:13
LH:13
BRDA:6,0,0,1
BRDA:6,0,1,1
BRF:2
BRH:2
end_of_record
TN:
SF:src\config\database.js
FNF:0
FNH:0
DA:1,1
DA:2,1
DA:4,1
DA:6,1
DA:28,1
LF:5
LH:5
BRF:0
BRH:0
end_of_record
TN:
SF:src\controllers\leadController.js
FN:4,(anonymous_0)
FN:13,(anonymous_1)
FN:23,(anonymous_2)
FN:35,(anonymous_3)
FN:46,(anonymous_4)
FNF:5
FNH:4
FNDA:1,(anonymous_0)
FNDA:1,(anonymous_1)
FNDA:1,(anonymous_2)
FNDA:0,(anonymous_3)
FNDA:1,(anonymous_4)
DA:1,1
DA:3,1
DA:5,1
DA:6,1
DA:7,1
DA:9,0
DA:14,1
DA:15,1
DA:16,1
DA:17,0
DA:19,0
DA:24,1
DA:25,1
DA:26,0
DA:28,1
DA:29,1
DA:31,0
DA:36,0
DA:37,0
DA:38,0
DA:39,0
DA:40,0
DA:42,0
DA:47,1
DA:48,1
DA:49,1
DA:50,0
DA:51,0
DA:53,0
DA:58,1
LF:30
LH:16
BRDA:16,0,0,1
BRDA:16,0,1,0
BRDA:25,1,0,0
BRDA:25,1,1,1
BRDA:38,2,0,0
BRDA:38,2,1,0
BRDA:49,3,0,1
BRDA:49,3,1,0
BRF:8
BRH:3
end_of_record
TN:
SF:src\models\Lead.js
FN:4,(anonymous_0)
FN:8,(anonymous_1)
FN:12,(anonymous_2)
FN:32,(anonymous_3)
FN:56,(anonymous_4)
FNF:5
FNH:3
FNDA:1,(anonymous_0)
FNDA:3,(anonymous_1)
FNDA:1,(anonymous_2)
FNDA:0,(anonymous_3)
FNDA:0,(anonymous_4)
DA:1,1
DA:3,1
DA:5,1
DA:9,3
DA:13,1
DA:28,1
DA:29,1
DA:33,0
DA:52,0
DA:53,0
DA:57,0
DA:61,1
LF:12
LH:8
BRF:0
BRH:0
end_of_record
TN:
SF:src\routes\leadRoutes.js
FNF:0
FNH:0
DA:1,1
DA:2,1
DA:3,1
DA:5,1
DA:6,1
DA:7,1
DA:8,1
DA:9,1
DA:11,1
LF:9
LH:9
BRF:0
BRH:0
end_of_record
